\BOOKMARK [1][-]{section.1}{\376\377\000D\000i\000r\000e\000c\000t\000o\000r\000y\000\040\000S\000t\000r\000u\000c\000t\000u\000r\000e}{}% 1
\BOOKMARK [2][-]{subsection.1.1}{\376\377\000P\000h\000a\000s\000e\000\040\0001}{section.1}% 2
\BOOKMARK [2][-]{subsection.1.2}{\376\377\000P\000h\000a\000s\000e\000\040\0002}{section.1}% 3
\BOOKMARK [2][-]{subsection.1.3}{\376\377\000r\000e\000p\000o\000r\000t\000.\000p\000d\000f}{section.1}% 4
\BOOKMARK [2][-]{subsection.1.4}{\376\377\000r\000e\000s\000u\000l\000t\000s}{section.1}% 5
\BOOKMARK [2][-]{subsection.1.5}{\376\377\000t\000e\000s\000t\000s}{section.1}% 6
\BOOKMARK [1][-]{section.2}{\376\377\000M\000a\000k\000e\000f\000i\000l\000e\000\040\000a\000n\000d\000\040\000T\000a\000r\000g\000e\000t\000s}{}% 7
\BOOKMARK [1][-]{section.3}{\376\377\000A\000s\000s\000u\000m\000p\000t\000i\000o\000n\000s}{}% 8
\BOOKMARK [2][-]{subsection.3.1}{\376\377\000K\000\040\000s\000h\000o\000r\000t\000e\000s\000t\000\040\000p\000a\000t\000h\000\040\000h\000e\000u\000r\000i\000s\000t\000i\000c}{section.3}% 9
\BOOKMARK [1][-]{section.4}{\376\377\000T\000e\000s\000t\000\040\000C\000a\000s\000e\000\040\000a\000n\000d\000\040\000A\000n\000a\000l\000y\000s\000i\000s}{}% 10
\BOOKMARK [1][-]{section.5}{\376\377\000P\000y\000t\000h\000o\000n\000\040\000S\000c\000r\000i\000p\000t\000s\000\040\000a\000n\000d\000\040\000L\000i\000b\000r\000a\000r\000i\000e\000s}{}% 11
\BOOKMARK [1][-]{section.6}{\376\377\000T\000i\000m\000e\000\040\000a\000n\000d\000\040\000S\000p\000a\000c\000e\000\040\000C\000o\000m\000p\000l\000e\000x\000i\000t\000y}{}% 12
\BOOKMARK [2][-]{subsection.6.1}{\376\377\000R\000e\000m\000o\000v\000e\000\040\000E\000d\000g\000e}{section.6}% 13
\BOOKMARK [2][-]{subsection.6.2}{\376\377\000M\000o\000d\000i\000f\000y\000\040\000E\000d\000g\000e}{section.6}% 14
\BOOKMARK [2][-]{subsection.6.3}{\376\377\000S\000h\000o\000r\000t\000e\000s\000t\000\040\000P\000a\000t\000h}{section.6}% 15
\BOOKMARK [2][-]{subsection.6.4}{\376\377\000K\000N\000N}{section.6}% 16
\BOOKMARK [2][-]{subsection.6.5}{\376\377\000K\000\040\000s\000h\000o\000r\000t\000e\000s\000t\000\040\000p\000a\000t\000h\000s\000\040\000\050\000e\000x\000a\000c\000t\000\051}{section.6}% 17
\BOOKMARK [2][-]{subsection.6.6}{\376\377\000K\000\040\000S\000h\000o\000r\000t\000e\000s\000t\000\040\000P\000a\000t\000h\000s\000\040\000\050\000h\000e\000u\000r\000i\000s\000t\000i\000c\000\051}{section.6}% 18
\BOOKMARK [2][-]{subsection.6.7}{\376\377\000K\000\040\000s\000h\000o\000r\000t\000e\000s\000t\000\040\000p\000a\000t\000h\000s\000\040\000\050\000a\000p\000p\000r\000o\000x\000\051}{section.6}% 19
\BOOKMARK [1][-]{section.7}{\376\377\000A\000p\000p\000r\000o\000a\000c\000h\000\040\000f\000o\000r\000\040\000E\000a\000c\000h\000\040\000Q\000u\000e\000r\000y}{}% 20
\BOOKMARK [2][-]{subsection.7.1}{\376\377\000P\000h\000a\000s\000e\000\040\0001\000\040\000Q\000u\000e\000r\000i\000e\000s}{section.7}% 21
\BOOKMARK [3][-]{subsubsection.7.1.1}{\376\377\000R\000e\000m\000o\000v\000e\000\040\000E\000d\000g\000e}{subsection.7.1}% 22
\BOOKMARK [3][-]{subsubsection.7.1.2}{\376\377\000M\000o\000d\000i\000f\000y\000\040\000E\000d\000g\000e}{subsection.7.1}% 23
\BOOKMARK [3][-]{subsubsection.7.1.3}{\376\377\000S\000h\000o\000r\000t\000e\000s\000t\000\040\000p\000a\000t\000h}{subsection.7.1}% 24
\BOOKMARK [3][-]{subsubsection.7.1.4}{\376\377\000K\000N\000N}{subsection.7.1}% 25
\BOOKMARK [2][-]{subsection.7.2}{\376\377\000P\000h\000a\000s\000e\000\040\0002\000\040\000Q\000u\000e\000r\000i\000e\000s}{section.7}% 26
\BOOKMARK [3][-]{subsubsection.7.2.1}{\376\377\000K\000\040\000s\000h\000o\000r\000t\000e\000s\000t\000\040\000p\000a\000t\000h\000s\000\040\000\050\000e\000x\000a\000c\000t\000\051}{subsection.7.2}% 27
\BOOKMARK [3][-]{subsubsection.7.2.2}{\376\377\000K\000\040\000s\000h\000o\000r\000t\000e\000s\000t\000\040\000p\000a\000t\000h\000s\000\040\000\050\000h\000e\000u\000r\000i\000s\000t\000i\000c\000\051}{subsection.7.2}% 28
\BOOKMARK [3][-]{subsubsection.7.2.3}{\376\377\000K\000\040\000s\000h\000o\000r\000t\000e\000s\000t\000\040\000p\000a\000t\000h\000s\000\040\000\050\000A\000p\000p\000r\000o\000x\000\051}{subsection.7.2}% 29
\BOOKMARK [1][-]{section.8}{\376\377\000A\000I\000\040\000L\000o\000g\000s}{}% 30
